<?xml version="1.0" encoding="utf-8"?><testsuites><testsuite name="pytest" errors="0" failures="0" skipped="0" tests="2" time="0.252" timestamp="2022-03-15T11:51:59.743518" hostname="DESKTOP-VJRM1BA"><testcase classname="tests.integration.test_help" name="test_show_help" time="0.159" /><testcase classname="tests.unit.hello_world_test" name="test_hello_world" time="0.001" /></testsuite></testsuites>